[27-Apr-2025 21:10:01 Europe/Berlin] PHP Warning:  require_once(includes/functions.php): Failed to open stream: No such file or directory in C:\xampp\htdocs\hesabino\index.php on line 4
[27-Apr-2025 21:10:01 Europe/Berlin] PHP Fatal error:  Uncaught Error: Failed opening required 'includes/functions.php' (include_path='C:\xampp\php\PEAR') in C:\xampp\htdocs\hesabino\index.php:4
Stack trace:
#0 {main}
  thrown in C:\xampp\htdocs\hesabino\index.php on line 4
[27-Apr-2025 21:10:17 Europe/Berlin] PHP Warning:  include(includes/header.php): Failed to open stream: No such file or directory in C:\xampp\htdocs\hesabino\index.php on line 17
[27-Apr-2025 21:10:17 Europe/Berlin] PHP Warning:  include(): Failed opening 'includes/header.php' for inclusion (include_path='C:\xampp\php\PEAR') in C:\xampp\htdocs\hesabino\index.php on line 17
[27-Apr-2025 21:10:17 Europe/Berlin] PHP Warning:  include(pages/404.php): Failed to open stream: No such file or directory in C:\xampp\htdocs\hesabino\index.php on line 35
[27-Apr-2025 21:10:17 Europe/Berlin] PHP Warning:  include(): Failed opening 'pages/404.php' for inclusion (include_path='C:\xampp\php\PEAR') in C:\xampp\htdocs\hesabino\index.php on line 35
[27-Apr-2025 21:10:17 Europe/Berlin] PHP Warning:  include(includes/footer.php): Failed to open stream: No such file or directory in C:\xampp\htdocs\hesabino\index.php on line 42
[27-Apr-2025 21:10:17 Europe/Berlin] PHP Warning:  include(): Failed opening 'includes/footer.php' for inclusion (include_path='C:\xampp\php\PEAR') in C:\xampp\htdocs\hesabino\index.php on line 42
[27-Apr-2025 21:10:24 Europe/Berlin] PHP Warning:  include(includes/header.php): Failed to open stream: No such file or directory in C:\xampp\htdocs\hesabino\index.php on line 17
[27-Apr-2025 21:10:24 Europe/Berlin] PHP Warning:  include(): Failed opening 'includes/header.php' for inclusion (include_path='C:\xampp\php\PEAR') in C:\xampp\htdocs\hesabino\index.php on line 17
[27-Apr-2025 21:10:24 Europe/Berlin] PHP Warning:  include(pages/404.php): Failed to open stream: No such file or directory in C:\xampp\htdocs\hesabino\index.php on line 35
[27-Apr-2025 21:10:24 Europe/Berlin] PHP Warning:  include(): Failed opening 'pages/404.php' for inclusion (include_path='C:\xampp\php\PEAR') in C:\xampp\htdocs\hesabino\index.php on line 35
[27-Apr-2025 21:10:24 Europe/Berlin] PHP Warning:  include(includes/footer.php): Failed to open stream: No such file or directory in C:\xampp\htdocs\hesabino\index.php on line 42
[27-Apr-2025 21:10:24 Europe/Berlin] PHP Warning:  include(): Failed opening 'includes/footer.php' for inclusion (include_path='C:\xampp\php\PEAR') in C:\xampp\htdocs\hesabino\index.php on line 42
[27-Apr-2025 21:10:25 Europe/Berlin] PHP Warning:  include(includes/header.php): Failed to open stream: No such file or directory in C:\xampp\htdocs\hesabino\index.php on line 17
[27-Apr-2025 21:10:25 Europe/Berlin] PHP Warning:  include(): Failed opening 'includes/header.php' for inclusion (include_path='C:\xampp\php\PEAR') in C:\xampp\htdocs\hesabino\index.php on line 17
[27-Apr-2025 21:10:25 Europe/Berlin] PHP Warning:  include(includes/footer.php): Failed to open stream: No such file or directory in C:\xampp\htdocs\hesabino\index.php on line 42
[27-Apr-2025 21:10:25 Europe/Berlin] PHP Warning:  include(): Failed opening 'includes/footer.php' for inclusion (include_path='C:\xampp\php\PEAR') in C:\xampp\htdocs\hesabino\index.php on line 42
[27-Apr-2025 21:10:26 Europe/Berlin] PHP Warning:  include(includes/header.php): Failed to open stream: No such file or directory in C:\xampp\htdocs\hesabino\index.php on line 17
[27-Apr-2025 21:10:26 Europe/Berlin] PHP Warning:  include(): Failed opening 'includes/header.php' for inclusion (include_path='C:\xampp\php\PEAR') in C:\xampp\htdocs\hesabino\index.php on line 17
[27-Apr-2025 21:10:26 Europe/Berlin] PHP Warning:  include(pages/404.php): Failed to open stream: No such file or directory in C:\xampp\htdocs\hesabino\index.php on line 35
[27-Apr-2025 21:10:26 Europe/Berlin] PHP Warning:  include(): Failed opening 'pages/404.php' for inclusion (include_path='C:\xampp\php\PEAR') in C:\xampp\htdocs\hesabino\index.php on line 35
[27-Apr-2025 21:10:26 Europe/Berlin] PHP Warning:  include(includes/footer.php): Failed to open stream: No such file or directory in C:\xampp\htdocs\hesabino\index.php on line 42
[27-Apr-2025 21:10:26 Europe/Berlin] PHP Warning:  include(): Failed opening 'includes/footer.php' for inclusion (include_path='C:\xampp\php\PEAR') in C:\xampp\htdocs\hesabino\index.php on line 42
[27-Apr-2025 21:10:27 Europe/Berlin] PHP Warning:  include(includes/header.php): Failed to open stream: No such file or directory in C:\xampp\htdocs\hesabino\index.php on line 17
[27-Apr-2025 21:10:27 Europe/Berlin] PHP Warning:  include(): Failed opening 'includes/header.php' for inclusion (include_path='C:\xampp\php\PEAR') in C:\xampp\htdocs\hesabino\index.php on line 17
[27-Apr-2025 21:10:27 Europe/Berlin] PHP Warning:  include(pages/404.php): Failed to open stream: No such file or directory in C:\xampp\htdocs\hesabino\index.php on line 35
[27-Apr-2025 21:10:27 Europe/Berlin] PHP Warning:  include(): Failed opening 'pages/404.php' for inclusion (include_path='C:\xampp\php\PEAR') in C:\xampp\htdocs\hesabino\index.php on line 35
[27-Apr-2025 21:10:27 Europe/Berlin] PHP Warning:  include(includes/footer.php): Failed to open stream: No such file or directory in C:\xampp\htdocs\hesabino\index.php on line 42
[27-Apr-2025 21:10:27 Europe/Berlin] PHP Warning:  include(): Failed opening 'includes/footer.php' for inclusion (include_path='C:\xampp\php\PEAR') in C:\xampp\htdocs\hesabino\index.php on line 42
[27-Apr-2025 21:10:28 Europe/Berlin] PHP Warning:  include(includes/header.php): Failed to open stream: No such file or directory in C:\xampp\htdocs\hesabino\index.php on line 17
[27-Apr-2025 21:10:28 Europe/Berlin] PHP Warning:  include(): Failed opening 'includes/header.php' for inclusion (include_path='C:\xampp\php\PEAR') in C:\xampp\htdocs\hesabino\index.php on line 17
[27-Apr-2025 21:10:28 Europe/Berlin] PHP Warning:  include(pages/404.php): Failed to open stream: No such file or directory in C:\xampp\htdocs\hesabino\index.php on line 35
[27-Apr-2025 21:10:28 Europe/Berlin] PHP Warning:  include(): Failed opening 'pages/404.php' for inclusion (include_path='C:\xampp\php\PEAR') in C:\xampp\htdocs\hesabino\index.php on line 35
[27-Apr-2025 21:10:28 Europe/Berlin] PHP Warning:  include(includes/footer.php): Failed to open stream: No such file or directory in C:\xampp\htdocs\hesabino\index.php on line 42
[27-Apr-2025 21:10:28 Europe/Berlin] PHP Warning:  include(): Failed opening 'includes/footer.php' for inclusion (include_path='C:\xampp\php\PEAR') in C:\xampp\htdocs\hesabino\index.php on line 42
[27-Apr-2025 21:10:28 Europe/Berlin] PHP Warning:  include(includes/header.php): Failed to open stream: No such file or directory in C:\xampp\htdocs\hesabino\index.php on line 17
[27-Apr-2025 21:10:28 Europe/Berlin] PHP Warning:  include(): Failed opening 'includes/header.php' for inclusion (include_path='C:\xampp\php\PEAR') in C:\xampp\htdocs\hesabino\index.php on line 17
[27-Apr-2025 21:10:28 Europe/Berlin] PHP Warning:  include(pages/404.php): Failed to open stream: No such file or directory in C:\xampp\htdocs\hesabino\index.php on line 35
[27-Apr-2025 21:10:28 Europe/Berlin] PHP Warning:  include(): Failed opening 'pages/404.php' for inclusion (include_path='C:\xampp\php\PEAR') in C:\xampp\htdocs\hesabino\index.php on line 35
[27-Apr-2025 21:10:28 Europe/Berlin] PHP Warning:  include(includes/footer.php): Failed to open stream: No such file or directory in C:\xampp\htdocs\hesabino\index.php on line 42
[27-Apr-2025 21:10:28 Europe/Berlin] PHP Warning:  include(): Failed opening 'includes/footer.php' for inclusion (include_path='C:\xampp\php\PEAR') in C:\xampp\htdocs\hesabino\index.php on line 42
[27-Apr-2025 21:11:24 Europe/Berlin] PHP Warning:  include(includes/header.php): Failed to open stream: No such file or directory in C:\xampp\htdocs\hesabino\index.php on line 17
[27-Apr-2025 21:11:24 Europe/Berlin] PHP Warning:  include(): Failed opening 'includes/header.php' for inclusion (include_path='C:\xampp\php\PEAR') in C:\xampp\htdocs\hesabino\index.php on line 17
[27-Apr-2025 21:11:24 Europe/Berlin] PHP Warning:  include(pages/404.php): Failed to open stream: No such file or directory in C:\xampp\htdocs\hesabino\index.php on line 35
[27-Apr-2025 21:11:24 Europe/Berlin] PHP Warning:  include(): Failed opening 'pages/404.php' for inclusion (include_path='C:\xampp\php\PEAR') in C:\xampp\htdocs\hesabino\index.php on line 35
[27-Apr-2025 21:11:24 Europe/Berlin] PHP Warning:  include(includes/footer.php): Failed to open stream: No such file or directory in C:\xampp\htdocs\hesabino\index.php on line 42
[27-Apr-2025 21:11:24 Europe/Berlin] PHP Warning:  include(): Failed opening 'includes/footer.php' for inclusion (include_path='C:\xampp\php\PEAR') in C:\xampp\htdocs\hesabino\index.php on line 42
[27-Apr-2025 21:12:41 Europe/Berlin] PHP Warning:  include(includes/header.php): Failed to open stream: No such file or directory in C:\xampp\htdocs\hesabino\index.php on line 17
[27-Apr-2025 21:12:41 Europe/Berlin] PHP Warning:  include(): Failed opening 'includes/header.php' for inclusion (include_path='C:\xampp\php\PEAR') in C:\xampp\htdocs\hesabino\index.php on line 17
[27-Apr-2025 21:12:41 Europe/Berlin] PHP Warning:  include(pages/404.php): Failed to open stream: No such file or directory in C:\xampp\htdocs\hesabino\index.php on line 35
[27-Apr-2025 21:12:41 Europe/Berlin] PHP Warning:  include(): Failed opening 'pages/404.php' for inclusion (include_path='C:\xampp\php\PEAR') in C:\xampp\htdocs\hesabino\index.php on line 35
[27-Apr-2025 21:12:41 Europe/Berlin] PHP Warning:  include(includes/footer.php): Failed to open stream: No such file or directory in C:\xampp\htdocs\hesabino\index.php on line 42
[27-Apr-2025 21:12:41 Europe/Berlin] PHP Warning:  include(): Failed opening 'includes/footer.php' for inclusion (include_path='C:\xampp\php\PEAR') in C:\xampp\htdocs\hesabino\index.php on line 42
[27-Apr-2025 21:14:10 Europe/Berlin] PHP Warning:  include(includes/header.php): Failed to open stream: No such file or directory in C:\xampp\htdocs\hesabino\index.php on line 17
[27-Apr-2025 21:14:10 Europe/Berlin] PHP Warning:  include(): Failed opening 'includes/header.php' for inclusion (include_path='C:\xampp\php\PEAR') in C:\xampp\htdocs\hesabino\index.php on line 17
[27-Apr-2025 21:14:10 Europe/Berlin] PHP Warning:  include(pages/404.php): Failed to open stream: No such file or directory in C:\xampp\htdocs\hesabino\index.php on line 35
[27-Apr-2025 21:14:10 Europe/Berlin] PHP Warning:  include(): Failed opening 'pages/404.php' for inclusion (include_path='C:\xampp\php\PEAR') in C:\xampp\htdocs\hesabino\index.php on line 35
[27-Apr-2025 21:14:10 Europe/Berlin] PHP Warning:  include(includes/footer.php): Failed to open stream: No such file or directory in C:\xampp\htdocs\hesabino\index.php on line 42
[27-Apr-2025 21:14:10 Europe/Berlin] PHP Warning:  include(): Failed opening 'includes/footer.php' for inclusion (include_path='C:\xampp\php\PEAR') in C:\xampp\htdocs\hesabino\index.php on line 42
[27-Apr-2025 21:14:15 Europe/Berlin] PHP Warning:  include(includes/header.php): Failed to open stream: No such file or directory in C:\xampp\htdocs\hesabino\index.php on line 17
[27-Apr-2025 21:14:15 Europe/Berlin] PHP Warning:  include(): Failed opening 'includes/header.php' for inclusion (include_path='C:\xampp\php\PEAR') in C:\xampp\htdocs\hesabino\index.php on line 17
[27-Apr-2025 21:14:15 Europe/Berlin] PHP Warning:  include(pages/404.php): Failed to open stream: No such file or directory in C:\xampp\htdocs\hesabino\index.php on line 35
[27-Apr-2025 21:14:15 Europe/Berlin] PHP Warning:  include(): Failed opening 'pages/404.php' for inclusion (include_path='C:\xampp\php\PEAR') in C:\xampp\htdocs\hesabino\index.php on line 35
[27-Apr-2025 21:14:15 Europe/Berlin] PHP Warning:  include(includes/footer.php): Failed to open stream: No such file or directory in C:\xampp\htdocs\hesabino\index.php on line 42
[27-Apr-2025 21:14:15 Europe/Berlin] PHP Warning:  include(): Failed opening 'includes/footer.php' for inclusion (include_path='C:\xampp\php\PEAR') in C:\xampp\htdocs\hesabino\index.php on line 42
[27-Apr-2025 21:14:16 Europe/Berlin] PHP Warning:  include(includes/header.php): Failed to open stream: No such file or directory in C:\xampp\htdocs\hesabino\index.php on line 17
[27-Apr-2025 21:14:16 Europe/Berlin] PHP Warning:  include(): Failed opening 'includes/header.php' for inclusion (include_path='C:\xampp\php\PEAR') in C:\xampp\htdocs\hesabino\index.php on line 17
[27-Apr-2025 21:14:16 Europe/Berlin] PHP Warning:  include(includes/footer.php): Failed to open stream: No such file or directory in C:\xampp\htdocs\hesabino\index.php on line 42
[27-Apr-2025 21:14:16 Europe/Berlin] PHP Warning:  include(): Failed opening 'includes/footer.php' for inclusion (include_path='C:\xampp\php\PEAR') in C:\xampp\htdocs\hesabino\index.php on line 42
[27-Apr-2025 21:14:18 Europe/Berlin] PHP Warning:  include(includes/header.php): Failed to open stream: No such file or directory in C:\xampp\htdocs\hesabino\index.php on line 17
[27-Apr-2025 21:14:18 Europe/Berlin] PHP Warning:  include(): Failed opening 'includes/header.php' for inclusion (include_path='C:\xampp\php\PEAR') in C:\xampp\htdocs\hesabino\index.php on line 17
[27-Apr-2025 21:14:18 Europe/Berlin] PHP Warning:  include(pages/404.php): Failed to open stream: No such file or directory in C:\xampp\htdocs\hesabino\index.php on line 35
[27-Apr-2025 21:14:18 Europe/Berlin] PHP Warning:  include(): Failed opening 'pages/404.php' for inclusion (include_path='C:\xampp\php\PEAR') in C:\xampp\htdocs\hesabino\index.php on line 35
[27-Apr-2025 21:14:18 Europe/Berlin] PHP Warning:  include(includes/footer.php): Failed to open stream: No such file or directory in C:\xampp\htdocs\hesabino\index.php on line 42
[27-Apr-2025 21:14:18 Europe/Berlin] PHP Warning:  include(): Failed opening 'includes/footer.php' for inclusion (include_path='C:\xampp\php\PEAR') in C:\xampp\htdocs\hesabino\index.php on line 42
[27-Apr-2025 21:14:19 Europe/Berlin] PHP Warning:  include(includes/header.php): Failed to open stream: No such file or directory in C:\xampp\htdocs\hesabino\index.php on line 17
[27-Apr-2025 21:14:19 Europe/Berlin] PHP Warning:  include(): Failed opening 'includes/header.php' for inclusion (include_path='C:\xampp\php\PEAR') in C:\xampp\htdocs\hesabino\index.php on line 17
[27-Apr-2025 21:14:19 Europe/Berlin] PHP Warning:  include(pages/404.php): Failed to open stream: No such file or directory in C:\xampp\htdocs\hesabino\index.php on line 35
[27-Apr-2025 21:14:19 Europe/Berlin] PHP Warning:  include(): Failed opening 'pages/404.php' for inclusion (include_path='C:\xampp\php\PEAR') in C:\xampp\htdocs\hesabino\index.php on line 35
[27-Apr-2025 21:14:19 Europe/Berlin] PHP Warning:  include(includes/footer.php): Failed to open stream: No such file or directory in C:\xampp\htdocs\hesabino\index.php on line 42
[27-Apr-2025 21:14:19 Europe/Berlin] PHP Warning:  include(): Failed opening 'includes/footer.php' for inclusion (include_path='C:\xampp\php\PEAR') in C:\xampp\htdocs\hesabino\index.php on line 42
[27-Apr-2025 21:15:02 Europe/Berlin] PHP Warning:  include(includes/header.php): Failed to open stream: No such file or directory in C:\xampp\htdocs\hesabino\index.php on line 17
[27-Apr-2025 21:15:02 Europe/Berlin] PHP Warning:  include(): Failed opening 'includes/header.php' for inclusion (include_path='C:\xampp\php\PEAR') in C:\xampp\htdocs\hesabino\index.php on line 17
[27-Apr-2025 21:15:02 Europe/Berlin] PHP Warning:  include(pages/404.php): Failed to open stream: No such file or directory in C:\xampp\htdocs\hesabino\index.php on line 35
[27-Apr-2025 21:15:02 Europe/Berlin] PHP Warning:  include(): Failed opening 'pages/404.php' for inclusion (include_path='C:\xampp\php\PEAR') in C:\xampp\htdocs\hesabino\index.php on line 35
[27-Apr-2025 21:15:02 Europe/Berlin] PHP Warning:  include(includes/footer.php): Failed to open stream: No such file or directory in C:\xampp\htdocs\hesabino\index.php on line 42
[27-Apr-2025 21:15:02 Europe/Berlin] PHP Warning:  include(): Failed opening 'includes/footer.php' for inclusion (include_path='C:\xampp\php\PEAR') in C:\xampp\htdocs\hesabino\index.php on line 42
[27-Apr-2025 21:15:03 Europe/Berlin] PHP Warning:  include(includes/header.php): Failed to open stream: No such file or directory in C:\xampp\htdocs\hesabino\index.php on line 17
[27-Apr-2025 21:15:03 Europe/Berlin] PHP Warning:  include(): Failed opening 'includes/header.php' for inclusion (include_path='C:\xampp\php\PEAR') in C:\xampp\htdocs\hesabino\index.php on line 17
[27-Apr-2025 21:15:03 Europe/Berlin] PHP Warning:  include(pages/404.php): Failed to open stream: No such file or directory in C:\xampp\htdocs\hesabino\index.php on line 35
[27-Apr-2025 21:15:03 Europe/Berlin] PHP Warning:  include(): Failed opening 'pages/404.php' for inclusion (include_path='C:\xampp\php\PEAR') in C:\xampp\htdocs\hesabino\index.php on line 35
[27-Apr-2025 21:15:03 Europe/Berlin] PHP Warning:  include(includes/footer.php): Failed to open stream: No such file or directory in C:\xampp\htdocs\hesabino\index.php on line 42
[27-Apr-2025 21:15:03 Europe/Berlin] PHP Warning:  include(): Failed opening 'includes/footer.php' for inclusion (include_path='C:\xampp\php\PEAR') in C:\xampp\htdocs\hesabino\index.php on line 42
[27-Apr-2025 21:15:04 Europe/Berlin] PHP Warning:  include(includes/header.php): Failed to open stream: No such file or directory in C:\xampp\htdocs\hesabino\index.php on line 17
[27-Apr-2025 21:15:04 Europe/Berlin] PHP Warning:  include(): Failed opening 'includes/header.php' for inclusion (include_path='C:\xampp\php\PEAR') in C:\xampp\htdocs\hesabino\index.php on line 17
[27-Apr-2025 21:15:04 Europe/Berlin] PHP Warning:  include(includes/footer.php): Failed to open stream: No such file or directory in C:\xampp\htdocs\hesabino\index.php on line 42
[27-Apr-2025 21:15:04 Europe/Berlin] PHP Warning:  include(): Failed opening 'includes/footer.php' for inclusion (include_path='C:\xampp\php\PEAR') in C:\xampp\htdocs\hesabino\index.php on line 42
[27-Apr-2025 21:15:06 Europe/Berlin] PHP Warning:  include(includes/header.php): Failed to open stream: No such file or directory in C:\xampp\htdocs\hesabino\index.php on line 17
[27-Apr-2025 21:15:06 Europe/Berlin] PHP Warning:  include(): Failed opening 'includes/header.php' for inclusion (include_path='C:\xampp\php\PEAR') in C:\xampp\htdocs\hesabino\index.php on line 17
[27-Apr-2025 21:15:06 Europe/Berlin] PHP Warning:  include(includes/footer.php): Failed to open stream: No such file or directory in C:\xampp\htdocs\hesabino\index.php on line 42
[27-Apr-2025 21:15:06 Europe/Berlin] PHP Warning:  include(): Failed opening 'includes/footer.php' for inclusion (include_path='C:\xampp\php\PEAR') in C:\xampp\htdocs\hesabino\index.php on line 42
[27-Apr-2025 21:15:07 Europe/Berlin] PHP Warning:  include(includes/header.php): Failed to open stream: No such file or directory in C:\xampp\htdocs\hesabino\index.php on line 17
[27-Apr-2025 21:15:07 Europe/Berlin] PHP Warning:  include(): Failed opening 'includes/header.php' for inclusion (include_path='C:\xampp\php\PEAR') in C:\xampp\htdocs\hesabino\index.php on line 17
[27-Apr-2025 21:15:07 Europe/Berlin] PHP Warning:  include(includes/footer.php): Failed to open stream: No such file or directory in C:\xampp\htdocs\hesabino\index.php on line 42
[27-Apr-2025 21:15:07 Europe/Berlin] PHP Warning:  include(): Failed opening 'includes/footer.php' for inclusion (include_path='C:\xampp\php\PEAR') in C:\xampp\htdocs\hesabino\index.php on line 42
[27-Apr-2025 21:15:08 Europe/Berlin] PHP Warning:  include(includes/header.php): Failed to open stream: No such file or directory in C:\xampp\htdocs\hesabino\index.php on line 17
[27-Apr-2025 21:15:08 Europe/Berlin] PHP Warning:  include(): Failed opening 'includes/header.php' for inclusion (include_path='C:\xampp\php\PEAR') in C:\xampp\htdocs\hesabino\index.php on line 17
[27-Apr-2025 21:15:08 Europe/Berlin] PHP Warning:  include(includes/footer.php): Failed to open stream: No such file or directory in C:\xampp\htdocs\hesabino\index.php on line 42
[27-Apr-2025 21:15:08 Europe/Berlin] PHP Warning:  include(): Failed opening 'includes/footer.php' for inclusion (include_path='C:\xampp\php\PEAR') in C:\xampp\htdocs\hesabino\index.php on line 42
[27-Apr-2025 21:15:09 Europe/Berlin] PHP Warning:  include(includes/header.php): Failed to open stream: No such file or directory in C:\xampp\htdocs\hesabino\index.php on line 17
[27-Apr-2025 21:15:09 Europe/Berlin] PHP Warning:  include(): Failed opening 'includes/header.php' for inclusion (include_path='C:\xampp\php\PEAR') in C:\xampp\htdocs\hesabino\index.php on line 17
[27-Apr-2025 21:15:09 Europe/Berlin] PHP Warning:  include(includes/footer.php): Failed to open stream: No such file or directory in C:\xampp\htdocs\hesabino\index.php on line 42
[27-Apr-2025 21:15:09 Europe/Berlin] PHP Warning:  include(): Failed opening 'includes/footer.php' for inclusion (include_path='C:\xampp\php\PEAR') in C:\xampp\htdocs\hesabino\index.php on line 42
[27-Apr-2025 21:24:41 Europe/Berlin] PHP Warning:  include(includes/header.php): Failed to open stream: No such file or directory in C:\xampp\htdocs\hesabino\index.php on line 17
[27-Apr-2025 21:24:41 Europe/Berlin] PHP Warning:  include(): Failed opening 'includes/header.php' for inclusion (include_path='C:\xampp\php\PEAR') in C:\xampp\htdocs\hesabino\index.php on line 17
[27-Apr-2025 21:24:41 Europe/Berlin] PHP Warning:  include(includes/footer.php): Failed to open stream: No such file or directory in C:\xampp\htdocs\hesabino\index.php on line 42
[27-Apr-2025 21:24:41 Europe/Berlin] PHP Warning:  include(): Failed opening 'includes/footer.php' for inclusion (include_path='C:\xampp\php\PEAR') in C:\xampp\htdocs\hesabino\index.php on line 42
[27-Apr-2025 21:24:43 Europe/Berlin] PHP Warning:  include(includes/header.php): Failed to open stream: No such file or directory in C:\xampp\htdocs\hesabino\index.php on line 17
[27-Apr-2025 21:24:43 Europe/Berlin] PHP Warning:  include(): Failed opening 'includes/header.php' for inclusion (include_path='C:\xampp\php\PEAR') in C:\xampp\htdocs\hesabino\index.php on line 17
[27-Apr-2025 21:24:43 Europe/Berlin] PHP Warning:  include(includes/footer.php): Failed to open stream: No such file or directory in C:\xampp\htdocs\hesabino\index.php on line 42
[27-Apr-2025 21:24:43 Europe/Berlin] PHP Warning:  include(): Failed opening 'includes/footer.php' for inclusion (include_path='C:\xampp\php\PEAR') in C:\xampp\htdocs\hesabino\index.php on line 42
[27-Apr-2025 21:24:43 Europe/Berlin] PHP Warning:  include(includes/header.php): Failed to open stream: No such file or directory in C:\xampp\htdocs\hesabino\index.php on line 17
[27-Apr-2025 21:24:43 Europe/Berlin] PHP Warning:  include(): Failed opening 'includes/header.php' for inclusion (include_path='C:\xampp\php\PEAR') in C:\xampp\htdocs\hesabino\index.php on line 17
[27-Apr-2025 21:24:43 Europe/Berlin] PHP Warning:  include(includes/footer.php): Failed to open stream: No such file or directory in C:\xampp\htdocs\hesabino\index.php on line 42
[27-Apr-2025 21:24:43 Europe/Berlin] PHP Warning:  include(): Failed opening 'includes/footer.php' for inclusion (include_path='C:\xampp\php\PEAR') in C:\xampp\htdocs\hesabino\index.php on line 42
[27-Apr-2025 21:24:44 Europe/Berlin] PHP Warning:  include(includes/header.php): Failed to open stream: No such file or directory in C:\xampp\htdocs\hesabino\index.php on line 17
[27-Apr-2025 21:24:44 Europe/Berlin] PHP Warning:  include(): Failed opening 'includes/header.php' for inclusion (include_path='C:\xampp\php\PEAR') in C:\xampp\htdocs\hesabino\index.php on line 17
[27-Apr-2025 21:24:44 Europe/Berlin] PHP Warning:  include(includes/footer.php): Failed to open stream: No such file or directory in C:\xampp\htdocs\hesabino\index.php on line 42
[27-Apr-2025 21:24:44 Europe/Berlin] PHP Warning:  include(): Failed opening 'includes/footer.php' for inclusion (include_path='C:\xampp\php\PEAR') in C:\xampp\htdocs\hesabino\index.php on line 42
[27-Apr-2025 21:24:45 Europe/Berlin] PHP Warning:  include(includes/header.php): Failed to open stream: No such file or directory in C:\xampp\htdocs\hesabino\index.php on line 17
[27-Apr-2025 21:24:45 Europe/Berlin] PHP Warning:  include(): Failed opening 'includes/header.php' for inclusion (include_path='C:\xampp\php\PEAR') in C:\xampp\htdocs\hesabino\index.php on line 17
[27-Apr-2025 21:24:45 Europe/Berlin] PHP Warning:  include(includes/footer.php): Failed to open stream: No such file or directory in C:\xampp\htdocs\hesabino\index.php on line 42
[27-Apr-2025 21:24:45 Europe/Berlin] PHP Warning:  include(): Failed opening 'includes/footer.php' for inclusion (include_path='C:\xampp\php\PEAR') in C:\xampp\htdocs\hesabino\index.php on line 42
[27-Apr-2025 21:24:46 Europe/Berlin] PHP Warning:  include(includes/header.php): Failed to open stream: No such file or directory in C:\xampp\htdocs\hesabino\index.php on line 17
[27-Apr-2025 21:24:46 Europe/Berlin] PHP Warning:  include(): Failed opening 'includes/header.php' for inclusion (include_path='C:\xampp\php\PEAR') in C:\xampp\htdocs\hesabino\index.php on line 17
[27-Apr-2025 21:24:46 Europe/Berlin] PHP Warning:  include(includes/footer.php): Failed to open stream: No such file or directory in C:\xampp\htdocs\hesabino\index.php on line 42
[27-Apr-2025 21:24:46 Europe/Berlin] PHP Warning:  include(): Failed opening 'includes/footer.php' for inclusion (include_path='C:\xampp\php\PEAR') in C:\xampp\htdocs\hesabino\index.php on line 42
[27-Apr-2025 21:24:47 Europe/Berlin] PHP Warning:  include(includes/header.php): Failed to open stream: No such file or directory in C:\xampp\htdocs\hesabino\index.php on line 17
[27-Apr-2025 21:24:47 Europe/Berlin] PHP Warning:  include(): Failed opening 'includes/header.php' for inclusion (include_path='C:\xampp\php\PEAR') in C:\xampp\htdocs\hesabino\index.php on line 17
[27-Apr-2025 21:24:47 Europe/Berlin] PHP Warning:  include(pages/404.php): Failed to open stream: No such file or directory in C:\xampp\htdocs\hesabino\index.php on line 35
[27-Apr-2025 21:24:47 Europe/Berlin] PHP Warning:  include(): Failed opening 'pages/404.php' for inclusion (include_path='C:\xampp\php\PEAR') in C:\xampp\htdocs\hesabino\index.php on line 35
[27-Apr-2025 21:24:47 Europe/Berlin] PHP Warning:  include(includes/footer.php): Failed to open stream: No such file or directory in C:\xampp\htdocs\hesabino\index.php on line 42
[27-Apr-2025 21:24:47 Europe/Berlin] PHP Warning:  include(): Failed opening 'includes/footer.php' for inclusion (include_path='C:\xampp\php\PEAR') in C:\xampp\htdocs\hesabino\index.php on line 42
[27-Apr-2025 21:24:48 Europe/Berlin] PHP Warning:  include(includes/header.php): Failed to open stream: No such file or directory in C:\xampp\htdocs\hesabino\index.php on line 17
[27-Apr-2025 21:24:48 Europe/Berlin] PHP Warning:  include(): Failed opening 'includes/header.php' for inclusion (include_path='C:\xampp\php\PEAR') in C:\xampp\htdocs\hesabino\index.php on line 17
[27-Apr-2025 21:24:48 Europe/Berlin] PHP Warning:  include(includes/footer.php): Failed to open stream: No such file or directory in C:\xampp\htdocs\hesabino\index.php on line 42
[27-Apr-2025 21:24:48 Europe/Berlin] PHP Warning:  include(): Failed opening 'includes/footer.php' for inclusion (include_path='C:\xampp\php\PEAR') in C:\xampp\htdocs\hesabino\index.php on line 42
[27-Apr-2025 21:24:50 Europe/Berlin] PHP Warning:  include(includes/header.php): Failed to open stream: No such file or directory in C:\xampp\htdocs\hesabino\index.php on line 17
[27-Apr-2025 21:24:50 Europe/Berlin] PHP Warning:  include(): Failed opening 'includes/header.php' for inclusion (include_path='C:\xampp\php\PEAR') in C:\xampp\htdocs\hesabino\index.php on line 17
[27-Apr-2025 21:24:50 Europe/Berlin] PHP Warning:  include(includes/footer.php): Failed to open stream: No such file or directory in C:\xampp\htdocs\hesabino\index.php on line 42
[27-Apr-2025 21:24:50 Europe/Berlin] PHP Warning:  include(): Failed opening 'includes/footer.php' for inclusion (include_path='C:\xampp\php\PEAR') in C:\xampp\htdocs\hesabino\index.php on line 42
[27-Apr-2025 21:24:51 Europe/Berlin] PHP Warning:  include(includes/header.php): Failed to open stream: No such file or directory in C:\xampp\htdocs\hesabino\index.php on line 17
[27-Apr-2025 21:24:51 Europe/Berlin] PHP Warning:  include(): Failed opening 'includes/header.php' for inclusion (include_path='C:\xampp\php\PEAR') in C:\xampp\htdocs\hesabino\index.php on line 17
[27-Apr-2025 21:24:51 Europe/Berlin] PHP Warning:  include(includes/footer.php): Failed to open stream: No such file or directory in C:\xampp\htdocs\hesabino\index.php on line 42
[27-Apr-2025 21:24:51 Europe/Berlin] PHP Warning:  include(): Failed opening 'includes/footer.php' for inclusion (include_path='C:\xampp\php\PEAR') in C:\xampp\htdocs\hesabino\index.php on line 42
[27-Apr-2025 21:24:52 Europe/Berlin] PHP Warning:  include(includes/header.php): Failed to open stream: No such file or directory in C:\xampp\htdocs\hesabino\index.php on line 17
[27-Apr-2025 21:24:52 Europe/Berlin] PHP Warning:  include(): Failed opening 'includes/header.php' for inclusion (include_path='C:\xampp\php\PEAR') in C:\xampp\htdocs\hesabino\index.php on line 17
[27-Apr-2025 21:24:52 Europe/Berlin] PHP Warning:  include(includes/footer.php): Failed to open stream: No such file or directory in C:\xampp\htdocs\hesabino\index.php on line 42
[27-Apr-2025 21:24:52 Europe/Berlin] PHP Warning:  include(): Failed opening 'includes/footer.php' for inclusion (include_path='C:\xampp\php\PEAR') in C:\xampp\htdocs\hesabino\index.php on line 42
[27-Apr-2025 21:25:01 Europe/Berlin] PHP Warning:  include(includes/header.php): Failed to open stream: No such file or directory in C:\xampp\htdocs\hesabino\index.php on line 17
[27-Apr-2025 21:25:01 Europe/Berlin] PHP Warning:  include(): Failed opening 'includes/header.php' for inclusion (include_path='C:\xampp\php\PEAR') in C:\xampp\htdocs\hesabino\index.php on line 17
[27-Apr-2025 21:25:01 Europe/Berlin] PHP Warning:  include(includes/footer.php): Failed to open stream: No such file or directory in C:\xampp\htdocs\hesabino\index.php on line 42
[27-Apr-2025 21:25:01 Europe/Berlin] PHP Warning:  include(): Failed opening 'includes/footer.php' for inclusion (include_path='C:\xampp\php\PEAR') in C:\xampp\htdocs\hesabino\index.php on line 42
[27-Apr-2025 21:25:03 Europe/Berlin] PHP Warning:  include(includes/header.php): Failed to open stream: No such file or directory in C:\xampp\htdocs\hesabino\index.php on line 17
[27-Apr-2025 21:25:03 Europe/Berlin] PHP Warning:  include(): Failed opening 'includes/header.php' for inclusion (include_path='C:\xampp\php\PEAR') in C:\xampp\htdocs\hesabino\index.php on line 17
[27-Apr-2025 21:25:03 Europe/Berlin] PHP Warning:  include(pages/404.php): Failed to open stream: No such file or directory in C:\xampp\htdocs\hesabino\index.php on line 35
[27-Apr-2025 21:25:03 Europe/Berlin] PHP Warning:  include(): Failed opening 'pages/404.php' for inclusion (include_path='C:\xampp\php\PEAR') in C:\xampp\htdocs\hesabino\index.php on line 35
[27-Apr-2025 21:25:03 Europe/Berlin] PHP Warning:  include(includes/footer.php): Failed to open stream: No such file or directory in C:\xampp\htdocs\hesabino\index.php on line 42
[27-Apr-2025 21:25:03 Europe/Berlin] PHP Warning:  include(): Failed opening 'includes/footer.php' for inclusion (include_path='C:\xampp\php\PEAR') in C:\xampp\htdocs\hesabino\index.php on line 42
[27-Apr-2025 21:25:04 Europe/Berlin] PHP Warning:  include(includes/header.php): Failed to open stream: No such file or directory in C:\xampp\htdocs\hesabino\index.php on line 17
[27-Apr-2025 21:25:04 Europe/Berlin] PHP Warning:  include(): Failed opening 'includes/header.php' for inclusion (include_path='C:\xampp\php\PEAR') in C:\xampp\htdocs\hesabino\index.php on line 17
[27-Apr-2025 21:25:04 Europe/Berlin] PHP Warning:  include(includes/footer.php): Failed to open stream: No such file or directory in C:\xampp\htdocs\hesabino\index.php on line 42
[27-Apr-2025 21:25:04 Europe/Berlin] PHP Warning:  include(): Failed opening 'includes/footer.php' for inclusion (include_path='C:\xampp\php\PEAR') in C:\xampp\htdocs\hesabino\index.php on line 42
[27-Apr-2025 21:25:12 Europe/Berlin] PHP Warning:  include(includes/header.php): Failed to open stream: No such file or directory in C:\xampp\htdocs\hesabino\index.php on line 17
[27-Apr-2025 21:25:12 Europe/Berlin] PHP Warning:  include(): Failed opening 'includes/header.php' for inclusion (include_path='C:\xampp\php\PEAR') in C:\xampp\htdocs\hesabino\index.php on line 17
[27-Apr-2025 21:25:12 Europe/Berlin] PHP Warning:  include(includes/footer.php): Failed to open stream: No such file or directory in C:\xampp\htdocs\hesabino\index.php on line 42
[27-Apr-2025 21:25:12 Europe/Berlin] PHP Warning:  include(): Failed opening 'includes/footer.php' for inclusion (include_path='C:\xampp\php\PEAR') in C:\xampp\htdocs\hesabino\index.php on line 42
[27-Apr-2025 21:25:19 Europe/Berlin] PHP Warning:  include(includes/header.php): Failed to open stream: No such file or directory in C:\xampp\htdocs\hesabino\index.php on line 17
[27-Apr-2025 21:25:19 Europe/Berlin] PHP Warning:  include(): Failed opening 'includes/header.php' for inclusion (include_path='C:\xampp\php\PEAR') in C:\xampp\htdocs\hesabino\index.php on line 17
[27-Apr-2025 21:25:19 Europe/Berlin] PHP Warning:  include(includes/footer.php): Failed to open stream: No such file or directory in C:\xampp\htdocs\hesabino\index.php on line 42
[27-Apr-2025 21:25:19 Europe/Berlin] PHP Warning:  include(): Failed opening 'includes/footer.php' for inclusion (include_path='C:\xampp\php\PEAR') in C:\xampp\htdocs\hesabino\index.php on line 42
[27-Apr-2025 21:25:26 Europe/Berlin] PHP Warning:  include(includes/header.php): Failed to open stream: No such file or directory in C:\xampp\htdocs\hesabino\index.php on line 17
[27-Apr-2025 21:25:26 Europe/Berlin] PHP Warning:  include(): Failed opening 'includes/header.php' for inclusion (include_path='C:\xampp\php\PEAR') in C:\xampp\htdocs\hesabino\index.php on line 17
[27-Apr-2025 21:25:26 Europe/Berlin] PHP Warning:  include(includes/footer.php): Failed to open stream: No such file or directory in C:\xampp\htdocs\hesabino\index.php on line 42
[27-Apr-2025 21:25:26 Europe/Berlin] PHP Warning:  include(): Failed opening 'includes/footer.php' for inclusion (include_path='C:\xampp\php\PEAR') in C:\xampp\htdocs\hesabino\index.php on line 42
[27-Apr-2025 21:28:07 Europe/Berlin] PHP Warning:  include(includes/header.php): Failed to open stream: No such file or directory in C:\xampp\htdocs\hesabino\index.php on line 17
[27-Apr-2025 21:28:07 Europe/Berlin] PHP Warning:  include(): Failed opening 'includes/header.php' for inclusion (include_path='C:\xampp\php\PEAR') in C:\xampp\htdocs\hesabino\index.php on line 17
[27-Apr-2025 21:28:07 Europe/Berlin] PHP Warning:  include(includes/footer.php): Failed to open stream: No such file or directory in C:\xampp\htdocs\hesabino\index.php on line 42
[27-Apr-2025 21:28:07 Europe/Berlin] PHP Warning:  include(): Failed opening 'includes/footer.php' for inclusion (include_path='C:\xampp\php\PEAR') in C:\xampp\htdocs\hesabino\index.php on line 42
[27-Apr-2025 21:28:09 Europe/Berlin] PHP Warning:  include(includes/header.php): Failed to open stream: No such file or directory in C:\xampp\htdocs\hesabino\index.php on line 17
[27-Apr-2025 21:28:09 Europe/Berlin] PHP Warning:  include(): Failed opening 'includes/header.php' for inclusion (include_path='C:\xampp\php\PEAR') in C:\xampp\htdocs\hesabino\index.php on line 17
[27-Apr-2025 21:28:09 Europe/Berlin] PHP Warning:  include(includes/footer.php): Failed to open stream: No such file or directory in C:\xampp\htdocs\hesabino\index.php on line 42
[27-Apr-2025 21:28:09 Europe/Berlin] PHP Warning:  include(): Failed opening 'includes/footer.php' for inclusion (include_path='C:\xampp\php\PEAR') in C:\xampp\htdocs\hesabino\index.php on line 42
[27-Apr-2025 21:28:10 Europe/Berlin] PHP Warning:  include(includes/header.php): Failed to open stream: No such file or directory in C:\xampp\htdocs\hesabino\index.php on line 17
[27-Apr-2025 21:28:10 Europe/Berlin] PHP Warning:  include(): Failed opening 'includes/header.php' for inclusion (include_path='C:\xampp\php\PEAR') in C:\xampp\htdocs\hesabino\index.php on line 17
[27-Apr-2025 21:28:10 Europe/Berlin] PHP Warning:  include(includes/footer.php): Failed to open stream: No such file or directory in C:\xampp\htdocs\hesabino\index.php on line 42
[27-Apr-2025 21:28:10 Europe/Berlin] PHP Warning:  include(): Failed opening 'includes/footer.php' for inclusion (include_path='C:\xampp\php\PEAR') in C:\xampp\htdocs\hesabino\index.php on line 42
[27-Apr-2025 21:28:11 Europe/Berlin] PHP Warning:  include(includes/header.php): Failed to open stream: No such file or directory in C:\xampp\htdocs\hesabino\index.php on line 17
[27-Apr-2025 21:28:11 Europe/Berlin] PHP Warning:  include(): Failed opening 'includes/header.php' for inclusion (include_path='C:\xampp\php\PEAR') in C:\xampp\htdocs\hesabino\index.php on line 17
[27-Apr-2025 21:28:11 Europe/Berlin] PHP Warning:  include(includes/footer.php): Failed to open stream: No such file or directory in C:\xampp\htdocs\hesabino\index.php on line 42
[27-Apr-2025 21:28:11 Europe/Berlin] PHP Warning:  include(): Failed opening 'includes/footer.php' for inclusion (include_path='C:\xampp\php\PEAR') in C:\xampp\htdocs\hesabino\index.php on line 42
[27-Apr-2025 21:29:11 Europe/Berlin] PHP Warning:  include(includes/header.php): Failed to open stream: No such file or directory in C:\xampp\htdocs\hesabino\index.php on line 17
[27-Apr-2025 21:29:11 Europe/Berlin] PHP Warning:  include(): Failed opening 'includes/header.php' for inclusion (include_path='C:\xampp\php\PEAR') in C:\xampp\htdocs\hesabino\index.php on line 17
[27-Apr-2025 21:29:11 Europe/Berlin] PHP Warning:  include(includes/footer.php): Failed to open stream: No such file or directory in C:\xampp\htdocs\hesabino\index.php on line 42
[27-Apr-2025 21:29:11 Europe/Berlin] PHP Warning:  include(): Failed opening 'includes/footer.php' for inclusion (include_path='C:\xampp\php\PEAR') in C:\xampp\htdocs\hesabino\index.php on line 42
[27-Apr-2025 21:29:12 Europe/Berlin] PHP Warning:  include(includes/header.php): Failed to open stream: No such file or directory in C:\xampp\htdocs\hesabino\index.php on line 17
[27-Apr-2025 21:29:12 Europe/Berlin] PHP Warning:  include(): Failed opening 'includes/header.php' for inclusion (include_path='C:\xampp\php\PEAR') in C:\xampp\htdocs\hesabino\index.php on line 17
[27-Apr-2025 21:29:12 Europe/Berlin] PHP Warning:  include(includes/footer.php): Failed to open stream: No such file or directory in C:\xampp\htdocs\hesabino\index.php on line 42
[27-Apr-2025 21:29:12 Europe/Berlin] PHP Warning:  include(): Failed opening 'includes/footer.php' for inclusion (include_path='C:\xampp\php\PEAR') in C:\xampp\htdocs\hesabino\index.php on line 42
[27-Apr-2025 21:29:42 Europe/Berlin] PHP Warning:  include(includes/header.php): Failed to open stream: No such file or directory in C:\xampp\htdocs\hesabino\index.php on line 17
[27-Apr-2025 21:29:42 Europe/Berlin] PHP Warning:  include(): Failed opening 'includes/header.php' for inclusion (include_path='C:\xampp\php\PEAR') in C:\xampp\htdocs\hesabino\index.php on line 17
[27-Apr-2025 21:29:42 Europe/Berlin] PHP Warning:  include(includes/footer.php): Failed to open stream: No such file or directory in C:\xampp\htdocs\hesabino\index.php on line 42
[27-Apr-2025 21:29:42 Europe/Berlin] PHP Warning:  include(): Failed opening 'includes/footer.php' for inclusion (include_path='C:\xampp\php\PEAR') in C:\xampp\htdocs\hesabino\index.php on line 42
[27-Apr-2025 21:30:32 Europe/Berlin] PHP Warning:  include(includes/header.php): Failed to open stream: No such file or directory in C:\xampp\htdocs\hesabino\index.php on line 17
[27-Apr-2025 21:30:32 Europe/Berlin] PHP Warning:  include(): Failed opening 'includes/header.php' for inclusion (include_path='C:\xampp\php\PEAR') in C:\xampp\htdocs\hesabino\index.php on line 17
[27-Apr-2025 21:30:32 Europe/Berlin] PHP Warning:  include(pages/404.php): Failed to open stream: No such file or directory in C:\xampp\htdocs\hesabino\index.php on line 35
[27-Apr-2025 21:30:32 Europe/Berlin] PHP Warning:  include(): Failed opening 'pages/404.php' for inclusion (include_path='C:\xampp\php\PEAR') in C:\xampp\htdocs\hesabino\index.php on line 35
[27-Apr-2025 21:30:32 Europe/Berlin] PHP Warning:  include(includes/footer.php): Failed to open stream: No such file or directory in C:\xampp\htdocs\hesabino\index.php on line 42
[27-Apr-2025 21:30:32 Europe/Berlin] PHP Warning:  include(): Failed opening 'includes/footer.php' for inclusion (include_path='C:\xampp\php\PEAR') in C:\xampp\htdocs\hesabino\index.php on line 42
[27-Apr-2025 21:30:33 Europe/Berlin] PHP Warning:  include(includes/header.php): Failed to open stream: No such file or directory in C:\xampp\htdocs\hesabino\index.php on line 17
[27-Apr-2025 21:30:33 Europe/Berlin] PHP Warning:  include(): Failed opening 'includes/header.php' for inclusion (include_path='C:\xampp\php\PEAR') in C:\xampp\htdocs\hesabino\index.php on line 17
[27-Apr-2025 21:30:33 Europe/Berlin] PHP Warning:  include(includes/footer.php): Failed to open stream: No such file or directory in C:\xampp\htdocs\hesabino\index.php on line 42
[27-Apr-2025 21:30:33 Europe/Berlin] PHP Warning:  include(): Failed opening 'includes/footer.php' for inclusion (include_path='C:\xampp\php\PEAR') in C:\xampp\htdocs\hesabino\index.php on line 42
[27-Apr-2025 21:30:36 Europe/Berlin] PHP Warning:  include(includes/header.php): Failed to open stream: No such file or directory in C:\xampp\htdocs\hesabino\index.php on line 17
[27-Apr-2025 21:30:36 Europe/Berlin] PHP Warning:  include(): Failed opening 'includes/header.php' for inclusion (include_path='C:\xampp\php\PEAR') in C:\xampp\htdocs\hesabino\index.php on line 17
[27-Apr-2025 21:30:36 Europe/Berlin] PHP Warning:  include(includes/footer.php): Failed to open stream: No such file or directory in C:\xampp\htdocs\hesabino\index.php on line 42
[27-Apr-2025 21:30:36 Europe/Berlin] PHP Warning:  include(): Failed opening 'includes/footer.php' for inclusion (include_path='C:\xampp\php\PEAR') in C:\xampp\htdocs\hesabino\index.php on line 42
[27-Apr-2025 21:46:43 Europe/Berlin] PHP Warning:  include(includes/header.php): Failed to open stream: No such file or directory in C:\xampp\htdocs\hesabino\index.php on line 17
[27-Apr-2025 21:46:43 Europe/Berlin] PHP Warning:  include(): Failed opening 'includes/header.php' for inclusion (include_path='C:\xampp\php\PEAR') in C:\xampp\htdocs\hesabino\index.php on line 17
[27-Apr-2025 21:46:43 Europe/Berlin] PHP Warning:  include(includes/footer.php): Failed to open stream: No such file or directory in C:\xampp\htdocs\hesabino\index.php on line 42
[27-Apr-2025 21:46:43 Europe/Berlin] PHP Warning:  include(): Failed opening 'includes/footer.php' for inclusion (include_path='C:\xampp\php\PEAR') in C:\xampp\htdocs\hesabino\index.php on line 42
[27-Apr-2025 21:47:06 Europe/Berlin] PHP Warning:  include(includes/header.php): Failed to open stream: No such file or directory in C:\xampp\htdocs\hesabino\index.php on line 17
[27-Apr-2025 21:47:06 Europe/Berlin] PHP Warning:  include(): Failed opening 'includes/header.php' for inclusion (include_path='C:\xampp\php\PEAR') in C:\xampp\htdocs\hesabino\index.php on line 17
[27-Apr-2025 21:47:06 Europe/Berlin] PHP Warning:  include(includes/footer.php): Failed to open stream: No such file or directory in C:\xampp\htdocs\hesabino\index.php on line 42
[27-Apr-2025 21:47:06 Europe/Berlin] PHP Warning:  include(): Failed opening 'includes/footer.php' for inclusion (include_path='C:\xampp\php\PEAR') in C:\xampp\htdocs\hesabino\index.php on line 42
[27-Apr-2025 21:47:13 Europe/Berlin] PHP Warning:  include(includes/header.php): Failed to open stream: No such file or directory in C:\xampp\htdocs\hesabino\index.php on line 17
[27-Apr-2025 21:47:13 Europe/Berlin] PHP Warning:  include(): Failed opening 'includes/header.php' for inclusion (include_path='C:\xampp\php\PEAR') in C:\xampp\htdocs\hesabino\index.php on line 17
[27-Apr-2025 21:47:13 Europe/Berlin] PHP Warning:  include(includes/footer.php): Failed to open stream: No such file or directory in C:\xampp\htdocs\hesabino\index.php on line 42
[27-Apr-2025 21:47:13 Europe/Berlin] PHP Warning:  include(): Failed opening 'includes/footer.php' for inclusion (include_path='C:\xampp\php\PEAR') in C:\xampp\htdocs\hesabino\index.php on line 42
[27-Apr-2025 21:51:02 Europe/Berlin] PHP Warning:  include(includes/header.php): Failed to open stream: No such file or directory in C:\xampp\htdocs\hesabino\index.php on line 17
[27-Apr-2025 21:51:02 Europe/Berlin] PHP Warning:  include(): Failed opening 'includes/header.php' for inclusion (include_path='C:\xampp\php\PEAR') in C:\xampp\htdocs\hesabino\index.php on line 17
[27-Apr-2025 21:51:02 Europe/Berlin] PHP Warning:  include(includes/footer.php): Failed to open stream: No such file or directory in C:\xampp\htdocs\hesabino\index.php on line 42
[27-Apr-2025 21:51:02 Europe/Berlin] PHP Warning:  include(): Failed opening 'includes/footer.php' for inclusion (include_path='C:\xampp\php\PEAR') in C:\xampp\htdocs\hesabino\index.php on line 42
[27-Apr-2025 21:51:10 Europe/Berlin] PHP Warning:  include(includes/header.php): Failed to open stream: No such file or directory in C:\xampp\htdocs\hesabino\index.php on line 17
[27-Apr-2025 21:51:10 Europe/Berlin] PHP Warning:  include(): Failed opening 'includes/header.php' for inclusion (include_path='C:\xampp\php\PEAR') in C:\xampp\htdocs\hesabino\index.php on line 17
[27-Apr-2025 21:51:10 Europe/Berlin] PHP Warning:  include(includes/footer.php): Failed to open stream: No such file or directory in C:\xampp\htdocs\hesabino\index.php on line 42
[27-Apr-2025 21:51:10 Europe/Berlin] PHP Warning:  include(): Failed opening 'includes/footer.php' for inclusion (include_path='C:\xampp\php\PEAR') in C:\xampp\htdocs\hesabino\index.php on line 42
[27-Apr-2025 21:59:10 Europe/Berlin] PHP Warning:  include(includes/header.php): Failed to open stream: No such file or directory in C:\xampp\htdocs\hesabino\index.php on line 17
[27-Apr-2025 21:59:10 Europe/Berlin] PHP Warning:  include(): Failed opening 'includes/header.php' for inclusion (include_path='C:\xampp\php\PEAR') in C:\xampp\htdocs\hesabino\index.php on line 17
[27-Apr-2025 21:59:10 Europe/Berlin] PHP Warning:  include(includes/footer.php): Failed to open stream: No such file or directory in C:\xampp\htdocs\hesabino\index.php on line 42
[27-Apr-2025 21:59:10 Europe/Berlin] PHP Warning:  include(): Failed opening 'includes/footer.php' for inclusion (include_path='C:\xampp\php\PEAR') in C:\xampp\htdocs\hesabino\index.php on line 42
[27-Apr-2025 22:09:16 Europe/Berlin] PHP Warning:  include(includes/header.php): Failed to open stream: No such file or directory in C:\xampp\htdocs\hesabino\index.php on line 17
[27-Apr-2025 22:09:16 Europe/Berlin] PHP Warning:  include(): Failed opening 'includes/header.php' for inclusion (include_path='C:\xampp\php\PEAR') in C:\xampp\htdocs\hesabino\index.php on line 17
[27-Apr-2025 22:09:16 Europe/Berlin] PHP Warning:  include(includes/footer.php): Failed to open stream: No such file or directory in C:\xampp\htdocs\hesabino\index.php on line 42
[27-Apr-2025 22:09:16 Europe/Berlin] PHP Warning:  include(): Failed opening 'includes/footer.php' for inclusion (include_path='C:\xampp\php\PEAR') in C:\xampp\htdocs\hesabino\index.php on line 42
[27-Apr-2025 22:09:28 Europe/Berlin] PHP Warning:  include(includes/header.php): Failed to open stream: No such file or directory in C:\xampp\htdocs\hesabino\index.php on line 17
[27-Apr-2025 22:09:28 Europe/Berlin] PHP Warning:  include(): Failed opening 'includes/header.php' for inclusion (include_path='C:\xampp\php\PEAR') in C:\xampp\htdocs\hesabino\index.php on line 17
[27-Apr-2025 22:09:28 Europe/Berlin] PHP Warning:  include(includes/footer.php): Failed to open stream: No such file or directory in C:\xampp\htdocs\hesabino\index.php on line 42
[27-Apr-2025 22:09:28 Europe/Berlin] PHP Warning:  include(): Failed opening 'includes/footer.php' for inclusion (include_path='C:\xampp\php\PEAR') in C:\xampp\htdocs\hesabino\index.php on line 42
[27-Apr-2025 22:22:12 Europe/Berlin] PHP Warning:  include(includes/header.php): Failed to open stream: No such file or directory in C:\xampp\htdocs\hesabino\index.php on line 17
[27-Apr-2025 22:22:12 Europe/Berlin] PHP Warning:  include(): Failed opening 'includes/header.php' for inclusion (include_path='C:\xampp\php\PEAR') in C:\xampp\htdocs\hesabino\index.php on line 17
[27-Apr-2025 22:22:12 Europe/Berlin] PHP Warning:  include(includes/footer.php): Failed to open stream: No such file or directory in C:\xampp\htdocs\hesabino\index.php on line 42
[27-Apr-2025 22:22:12 Europe/Berlin] PHP Warning:  include(): Failed opening 'includes/footer.php' for inclusion (include_path='C:\xampp\php\PEAR') in C:\xampp\htdocs\hesabino\index.php on line 42
[27-Apr-2025 22:22:22 Europe/Berlin] PHP Warning:  include(includes/header.php): Failed to open stream: No such file or directory in C:\xampp\htdocs\hesabino\index.php on line 17
[27-Apr-2025 22:22:22 Europe/Berlin] PHP Warning:  include(): Failed opening 'includes/header.php' for inclusion (include_path='C:\xampp\php\PEAR') in C:\xampp\htdocs\hesabino\index.php on line 17
[27-Apr-2025 22:22:22 Europe/Berlin] PHP Warning:  include(includes/footer.php): Failed to open stream: No such file or directory in C:\xampp\htdocs\hesabino\index.php on line 42
[27-Apr-2025 22:22:22 Europe/Berlin] PHP Warning:  include(): Failed opening 'includes/footer.php' for inclusion (include_path='C:\xampp\php\PEAR') in C:\xampp\htdocs\hesabino\index.php on line 42
[27-Apr-2025 22:22:30 Europe/Berlin] PHP Warning:  include(includes/header.php): Failed to open stream: No such file or directory in C:\xampp\htdocs\hesabino\index.php on line 17
[27-Apr-2025 22:22:30 Europe/Berlin] PHP Warning:  include(): Failed opening 'includes/header.php' for inclusion (include_path='C:\xampp\php\PEAR') in C:\xampp\htdocs\hesabino\index.php on line 17
[27-Apr-2025 22:22:30 Europe/Berlin] PHP Warning:  include(includes/footer.php): Failed to open stream: No such file or directory in C:\xampp\htdocs\hesabino\index.php on line 42
[27-Apr-2025 22:22:30 Europe/Berlin] PHP Warning:  include(): Failed opening 'includes/footer.php' for inclusion (include_path='C:\xampp\php\PEAR') in C:\xampp\htdocs\hesabino\index.php on line 42
[29-Apr-2025 01:34:46 Asia/Tehran] PHP Warning:  Constant BASEPATH already defined in C:\xampp\htdocs\hesabino\config\config.php on line 26
[29-Apr-2025 01:34:46 Asia/Tehran] PHP Warning:  The magic method Database::__wakeup() must have public visibility in C:\xampp\htdocs\hesabino\includes\db.php on line 289
[29-Apr-2025 01:34:46 Asia/Tehran] PHP Warning:  error_log(C:\xampp\htdocs\hesabino/logs/db_errors.log): Failed to open stream: No such file or directory in C:\xampp\htdocs\hesabino\includes\db.php on line 250
[29-Apr-2025 01:34:58 Asia/Tehran] PHP Warning:  Constant BASEPATH already defined in C:\xampp\htdocs\hesabino\config\config.php on line 26
[29-Apr-2025 01:34:58 Asia/Tehran] PHP Warning:  The magic method Database::__wakeup() must have public visibility in C:\xampp\htdocs\hesabino\includes\db.php on line 289
[29-Apr-2025 01:34:58 Asia/Tehran] PHP Warning:  error_log(C:\xampp\htdocs\hesabino/logs/db_errors.log): Failed to open stream: No such file or directory in C:\xampp\htdocs\hesabino\includes\db.php on line 250
[29-Apr-2025 09:54:59 Asia/Tehran] PHP Warning:  Constant BASEPATH already defined in C:\xampp\htdocs\hesabino\config\config.php on line 26
[29-Apr-2025 09:54:59 Asia/Tehran] PHP Warning:  The magic method Database::__wakeup() must have public visibility in C:\xampp\htdocs\hesabino\includes\db.php on line 289
[29-Apr-2025 09:54:59 Asia/Tehran] PHP Warning:  error_log(C:\xampp\htdocs\hesabino/logs/db_errors.log): Failed to open stream: No such file or directory in C:\xampp\htdocs\hesabino\includes\db.php on line 250
[29-Apr-2025 09:55:14 Asia/Tehran] PHP Warning:  Constant BASEPATH already defined in C:\xampp\htdocs\hesabino\config\config.php on line 26
[29-Apr-2025 09:55:14 Asia/Tehran] PHP Warning:  The magic method Database::__wakeup() must have public visibility in C:\xampp\htdocs\hesabino\includes\db.php on line 289
[29-Apr-2025 09:55:14 Asia/Tehran] PHP Notice:  session_start(): Ignoring session_start() because a session is already active in C:\xampp\htdocs\hesabino\index.php on line 16
[29-Apr-2025 09:57:25 Asia/Tehran] PHP Warning:  Constant BASEPATH already defined in C:\xampp\htdocs\hesabino\config\config.php on line 26
[29-Apr-2025 09:57:25 Asia/Tehran] PHP Warning:  The magic method Database::__wakeup() must have public visibility in C:\xampp\htdocs\hesabino\includes\db.php on line 289
[29-Apr-2025 09:57:25 Asia/Tehran] PHP Notice:  session_start(): Ignoring session_start() because a session is already active in C:\xampp\htdocs\hesabino\index.php on line 16
[29-Apr-2025 09:57:39 Asia/Tehran] PHP Warning:  Constant BASEPATH already defined in C:\xampp\htdocs\hesabino\config\config.php on line 26
[29-Apr-2025 09:57:39 Asia/Tehran] PHP Warning:  The magic method Database::__wakeup() must have public visibility in C:\xampp\htdocs\hesabino\includes\db.php on line 289
[29-Apr-2025 09:57:39 Asia/Tehran] PHP Deprecated:  Constant FILTER_SANITIZE_STRING is deprecated in C:\xampp\htdocs\hesabino\includes\send-contact.php on line 30
[29-Apr-2025 09:57:39 Asia/Tehran] PHP Deprecated:  Constant FILTER_SANITIZE_STRING is deprecated in C:\xampp\htdocs\hesabino\includes\send-contact.php on line 32
[29-Apr-2025 09:57:39 Asia/Tehran] PHP Deprecated:  Constant FILTER_SANITIZE_STRING is deprecated in C:\xampp\htdocs\hesabino\includes\send-contact.php on line 33
[29-Apr-2025 10:18:51 Asia/Tehran] PHP Warning:  Constant BASEPATH already defined in C:\xampp\htdocs\hesabino\config\config.php on line 26
[29-Apr-2025 10:18:51 Asia/Tehran] PHP Warning:  The magic method Database::__wakeup() must have public visibility in C:\xampp\htdocs\hesabino\includes\db.php on line 289
[29-Apr-2025 10:18:51 Asia/Tehran] PHP Warning:  The magic method Auth::__wakeup() must have public visibility in C:\xampp\htdocs\hesabino\includes\auth.php on line 514
[29-Apr-2025 10:18:51 Asia/Tehran] PHP Notice:  session_start(): Ignoring session_start() because a session is already active in C:\xampp\htdocs\hesabino\login.php on line 17
[29-Apr-2025 10:20:43 Asia/Tehran] PHP Warning:  Constant BASEPATH already defined in C:\xampp\htdocs\hesabino\config\config.php on line 26
[29-Apr-2025 10:20:43 Asia/Tehran] PHP Warning:  The magic method Database::__wakeup() must have public visibility in C:\xampp\htdocs\hesabino\includes\db.php on line 289
[29-Apr-2025 10:20:43 Asia/Tehran] PHP Warning:  The magic method Auth::__wakeup() must have public visibility in C:\xampp\htdocs\hesabino\includes\auth.php on line 514
[29-Apr-2025 10:20:43 Asia/Tehran] PHP Notice:  session_start(): Ignoring session_start() because a session is already active in C:\xampp\htdocs\hesabino\login.php on line 17
[29-Apr-2025 10:20:48 Asia/Tehran] PHP Warning:  Constant BASEPATH already defined in C:\xampp\htdocs\hesabino\config\config.php on line 26
[29-Apr-2025 10:20:48 Asia/Tehran] PHP Warning:  The magic method Database::__wakeup() must have public visibility in C:\xampp\htdocs\hesabino\includes\db.php on line 289
[29-Apr-2025 10:20:48 Asia/Tehran] PHP Notice:  session_start(): Ignoring session_start() because a session is already active in C:\xampp\htdocs\hesabino\index.php on line 16
[29-Apr-2025 10:31:33 Asia/Tehran] PHP Warning:  Constant BASEPATH already defined in C:\xampp\htdocs\hesabino\config\config.php on line 26
[29-Apr-2025 10:31:33 Asia/Tehran] PHP Warning:  The magic method Database::__wakeup() must have public visibility in C:\xampp\htdocs\hesabino\includes\db.php on line 289
[29-Apr-2025 10:31:33 Asia/Tehran] PHP Warning:  The magic method Auth::__wakeup() must have public visibility in C:\xampp\htdocs\hesabino\includes\auth.php on line 514
[29-Apr-2025 10:31:33 Asia/Tehran] PHP Notice:  session_start(): Ignoring session_start() because a session is already active in C:\xampp\htdocs\hesabino\index.php on line 17
[29-Apr-2025 10:31:33 Asia/Tehran] PHP Warning:  require_once(pages/home.php): Failed to open stream: No such file or directory in C:\xampp\htdocs\hesabino\index.php on line 87
[29-Apr-2025 10:31:33 Asia/Tehran] PHP Fatal error:  Uncaught Error: Failed opening required 'pages/home.php' (include_path='C:\xampp\php\PEAR') in C:\xampp\htdocs\hesabino\index.php:87
Stack trace:
#0 {main}
  thrown in C:\xampp\htdocs\hesabino\index.php on line 87
